Added Component: Designator=C1(Capacitor)
Add component (AddParameter): Name = "LCSC Part number"; Value = "C318563"; VariantName = "[No Variations]"
Add component (AddParameter): Name = "Manufacturer"; Value = "Samsung Electro-Mechanics"; VariantName = "[No Variations]"
Add component (AddParameter): Name = "Manufacturer part number"; Value = "CL05A475MO5NUNC"; VariantName = "[No Variations]"
Added Component: Designator=C2(Capacitor)
Add component (AddParameter): Name = "LCSC Part number"; Value = "C307331"; VariantName = "[No Variations]"
Add component (AddParameter): Name = "Manufacturer"; Value = "Samsung"; VariantName = "[No Variations]"
Add component (AddParameter): Name = "Manufacturer Part Number"; Value = "CL05B104KB54PNC"; VariantName = "[No Variations]"
Added Component: Designator=C3(Capacitor)
Add component (AddParameter): Name = "LCSC Part number"; Value = "C307413"; VariantName = "[No Variations]"
Add component (AddParameter): Name = "Manufacturer"; Value = "Samsug Electro-Mechanics"; VariantName = "[No Variations]"
Add component (AddParameter): Name = "Manufacturer part number"; Value = "CL05A105KL5NRNC"; VariantName = "[No Variations]"
Added Component: Designator=C4(Capacitor)
Add component (AddParameter): Name = "LCSC Part number"; Value = "C307331"; VariantName = "[No Variations]"
Add component (AddParameter): Name = "Manufacturer"; Value = "Samsung"; VariantName = "[No Variations]"
Add component (AddParameter): Name = "Manufacturer Part Number"; Value = "CL05B104KB54PNC"; VariantName = "[No Variations]"
Added Component: Designator=C6(Capacitor)
Add component (AddParameter): Name = "LCSC Part number"; Value = "C307413"; VariantName = "[No Variations]"
Add component (AddParameter): Name = "Manufacturer"; Value = "Samsug Electro-Mechanics"; VariantName = "[No Variations]"
Add component (AddParameter): Name = "Manufacturer part number"; Value = "CL05A105KL5NRNC"; VariantName = "[No Variations]"
Added Component: Designator=C8(Capacitor)
Add component (AddParameter): Name = "LCSC Part number"; Value = "C307331"; VariantName = "[No Variations]"
Add component (AddParameter): Name = "Manufacturer"; Value = "Samsung"; VariantName = "[No Variations]"
Add component (AddParameter): Name = "Manufacturer Part Number"; Value = "CL05B104KB54PNC"; VariantName = "[No Variations]"
Added Component: Designator=C9(Capacitor)
Add component (AddParameter): Name = "LCSC Part number"; Value = "C307331"; VariantName = "[No Variations]"
Add component (AddParameter): Name = "Manufacturer"; Value = "Samsung"; VariantName = "[No Variations]"
Add component (AddParameter): Name = "Manufacturer Part Number"; Value = "CL05B104KB54PNC"; VariantName = "[No Variations]"
Added Component: Designator=C10(Capacitor)
Add component (AddParameter): Name = "LCSC Part number"; Value = "C307331"; VariantName = "[No Variations]"
Add component (AddParameter): Name = "Manufacturer"; Value = "Samsung"; VariantName = "[No Variations]"
Add component (AddParameter): Name = "Manufacturer Part Number"; Value = "CL05B104KB54PNC"; VariantName = "[No Variations]"
Added Component: Designator=C11(Capacitor)
Add component (AddParameter): Name = "LCSC Part number"; Value = "C307331"; VariantName = "[No Variations]"
Add component (AddParameter): Name = "Manufacturer"; Value = "Samsung"; VariantName = "[No Variations]"
Add component (AddParameter): Name = "Manufacturer Part Number"; Value = "CL05B104KB54PNC"; VariantName = "[No Variations]"
Added Component: Designator=C12(Capacitor)
Add component (AddParameter): Name = "LCSC part number"; Value = "C307415"; VariantName = "[No Variations]"
Add component (AddParameter): Name = "Manufacturer"; Value = "Samsug Electro-Mechanics"; VariantName = "[No Variations]"
Add component (AddParameter): Name = "Manufacturer part number"; Value = "CL05A106MP8NUB8"; VariantName = "[No Variations]"
Added Component: Designator=C13(Capacitor)
Add component (AddParameter): Name = "LCSC Part number"; Value = "C307331"; VariantName = "[No Variations]"
Add component (AddParameter): Name = "Manufacturer"; Value = "Samsung"; VariantName = "[No Variations]"
Add component (AddParameter): Name = "Manufacturer Part Number"; Value = "CL05B104KB54PNC"; VariantName = "[No Variations]"
Added Component: Designator=C14(Capacitor)
Add component (AddParameter): Name = "LCSC Part number"; Value = "C307413"; VariantName = "[No Variations]"
Add component (AddParameter): Name = "Manufacturer"; Value = "Samsug Electro-Mechanics"; VariantName = "[No Variations]"
Add component (AddParameter): Name = "Manufacturer part number"; Value = "CL05A105KL5NRNC"; VariantName = "[No Variations]"
Added Component: Designator=C15(Capacitor)
Add component (AddParameter): Name = "LCSC Part number"; Value = "C307331"; VariantName = "[No Variations]"
Add component (AddParameter): Name = "Manufacturer"; Value = "Samsung"; VariantName = "[No Variations]"
Add component (AddParameter): Name = "Manufacturer Part Number"; Value = "CL05B104KB54PNC"; VariantName = "[No Variations]"
Added Component: Designator=C16(Capacitor)
Add component (AddParameter): Name = "LCSC Part number"; Value = "C307331"; VariantName = "[No Variations]"
Add component (AddParameter): Name = "Manufacturer"; Value = "Samsung"; VariantName = "[No Variations]"
Add component (AddParameter): Name = "Manufacturer Part Number"; Value = "CL05B104KB54PNC"; VariantName = "[No Variations]"
Added Component: Designator=D2(FUSE_AQ3045-01ETG - duplicate)
Add component (AddParameter): Name = "LCSC Part number"; Value = "C3710326"; VariantName = "[No Variations]"
Add component (AddParameter): Name = "Manufacturer"; Value = "Littelfuse"; VariantName = "[No Variations]"
Add component (AddParameter): Name = "Manufacturer part number"; Value = "AQ3045-01ETG"; VariantName = "[No Variations]"
Added Component: Designator=D3(FUSE_AQ3045-01ETG - duplicate)
Add component (AddParameter): Name = "LCSC Part number"; Value = "C3710326"; VariantName = "[No Variations]"
Add component (AddParameter): Name = "Manufacturer"; Value = "Littelfuse"; VariantName = "[No Variations]"
Add component (AddParameter): Name = "Manufacturer part number"; Value = "AQ3045-01ETG"; VariantName = "[No Variations]"
Added Component: Designator=D4(FUSE_AQ3045-01ETG - duplicate)
Add component (AddParameter): Name = "LCSC Part number"; Value = "C3710326"; VariantName = "[No Variations]"
Add component (AddParameter): Name = "Manufacturer"; Value = "Littelfuse"; VariantName = "[No Variations]"
Add component (AddParameter): Name = "Manufacturer part number"; Value = "AQ3045-01ETG"; VariantName = "[No Variations]"
Added Component: Designator=D5(FUSE_AQ3045-01ETG - duplicate)
Add component (AddParameter): Name = "LCSC Part number"; Value = "C3710326"; VariantName = "[No Variations]"
Add component (AddParameter): Name = "Manufacturer"; Value = "Littelfuse"; VariantName = "[No Variations]"
Add component (AddParameter): Name = "Manufacturer part number"; Value = "AQ3045-01ETG"; VariantName = "[No Variations]"
Added Component: Designator=D6(FUSE_AQ3045-01ETG - duplicate)
Add component (AddParameter): Name = "LCSC Part number"; Value = "C3710326"; VariantName = "[No Variations]"
Add component (AddParameter): Name = "Manufacturer"; Value = "Littelfuse"; VariantName = "[No Variations]"
Add component (AddParameter): Name = "Manufacturer part number"; Value = "AQ3045-01ETG"; VariantName = "[No Variations]"
Added Component: Designator=D7(FUSE_AQ3045-01ETG - duplicate)
Add component (AddParameter): Name = "LCSC Part number"; Value = "C3710326"; VariantName = "[No Variations]"
Add component (AddParameter): Name = "Manufacturer"; Value = "Littelfuse"; VariantName = "[No Variations]"
Add component (AddParameter): Name = "Manufacturer part number"; Value = "AQ3045-01ETG"; VariantName = "[No Variations]"
Added Component: Designator=D8(LED_GREEN)
Add component (AddParameter): Name = "LCSC Part number"; Value = "C965797"; VariantName = "[No Variations]"
Add component (AddParameter): Name = "Manufacturer"; Value = "XINGLIGHT"; VariantName = "[No Variations]"
Add component (AddParameter): Name = "Manufacturer part number"; Value = "XL-1608SURC-06"; VariantName = "[No Variations]"
Added Component: Designator=D9(LED_RED)
Add component (AddParameter): Name = "LCSC Part number"; Value = "C965799"; VariantName = "[No Variations]"
Add component (AddParameter): Name = "Manufacturer"; Value = "XINGLIGHT"; VariantName = "[No Variations]"
Add component (AddParameter): Name = "Manufacturer part number"; Value = "XL-1608SURC-06"; VariantName = "[No Variations]"
Added Component: Designator=J1(Header pin_2.54mm)
Add component (AddParameter): Name = "LCSC Part number"; Value = "C725956"; VariantName = "[No Variations]"
Add component (AddParameter): Name = "Manufacturer"; Value = "XKB Connection"; VariantName = "[No Variations]"
Add component (AddParameter): Name = "Manufacturer part number"; Value = "X6511WV-24H-C60D30"; VariantName = "[No Variations]"
Added Component: Designator=J2(Header pin_2.54mm)
Add component (AddParameter): Name = "LCSC Part number"; Value = "C725956"; VariantName = "[No Variations]"
Add component (AddParameter): Name = "Manufacturer"; Value = "XKB Connection"; VariantName = "[No Variations]"
Add component (AddParameter): Name = "Manufacturer part number"; Value = "X6511WV-24H-C60D30"; VariantName = "[No Variations]"
Added Component: Designator=J3(USB C_HC-TYPE-C-16P-01M)
Add component (AddParameter): Name = "LCSC Part number"; Value = "C2894899"; VariantName = "[No Variations]"
Add component (AddParameter): Name = "Manufacturer"; Value = "HCTL"; VariantName = "[No Variations]"
Add component (AddParameter): Name = "Manufacturer part number"; Value = "HC-TYPE-C-16P-01M"; VariantName = "[No Variations]"
Added Component: Designator=J4(USB C_HC-TYPE-C-16P-01M)
Add component (AddParameter): Name = "LCSC Part number"; Value = "C2894899"; VariantName = "[No Variations]"
Add component (AddParameter): Name = "Manufacturer"; Value = "HCTL"; VariantName = "[No Variations]"
Add component (AddParameter): Name = "Manufacturer part number"; Value = "HC-TYPE-C-16P-01M"; VariantName = "[No Variations]"
Added Component: Designator=J5(3 PIN_HEADERS)
Add component (AddParameter): Name = "LCSC Part number"; Value = "C7470079"; VariantName = "[No Variations]"
Add component (AddParameter): Name = "Manufacturer"; Value = "HanElectricity"; VariantName = "[No Variations]"
Add component (AddParameter): Name = "Manufacturer part number"; Value = "1271WV-3P"; VariantName = "[No Variations]"
Added Component: Designator=L1(INDUCTOR)
Add component (AddParameter): Name = "LCSC Part number"; Value = "C22463831"; VariantName = "[No Variations]"
Add component (AddParameter): Name = "Manufacturer"; Value = "TECHFUSE"; VariantName = "[No Variations]"
Add component (AddParameter): Name = "Manufacturer part number"; Value = "SL0650-220M"; VariantName = "[No Variations]"
Added Component: Designator=R15(Resistors)
Add component (AddParameter): Name = "LCSC Part number"; Value = "C862226"; VariantName = "[No Variations]"
Add component (AddParameter): Name = "Manufacturer"; Value = "YAGEO"; VariantName = "[No Variations]"
Add component (AddParameter): Name = "Manufacturer part number"; Value = "RT1206FRE0710KL"; VariantName = "[No Variations]"
Added Component: Designator=R17(Resistors)
Add component (AddParameter): Name = "LCSC Part number"; Value = "C862226"; VariantName = "[No Variations]"
Add component (AddParameter): Name = "Manufacturer"; Value = "YAGEO"; VariantName = "[No Variations]"
Add component (AddParameter): Name = "Manufacturer part number"; Value = "RT1206FRE0710KL"; VariantName = "[No Variations]"
Added Component: Designator=R24(Resistors)
Add component (AddParameter): Name = "LCSC Part number"; Value = "C862226"; VariantName = "[No Variations]"
Add component (AddParameter): Name = "Manufacturer"; Value = "YAGEO"; VariantName = "[No Variations]"
Add component (AddParameter): Name = "Manufacturer part number"; Value = "RT1206FRE0710KL"; VariantName = "[No Variations]"
Added Component: Designator=U1(ESP32)
Add component (AddParameter): Name = "LCSC Part Number"; Value = "C2980299"; VariantName = "[No Variations]"
Add component (AddParameter): Name = "Manufacturer"; Value = "Espressif Systems"; VariantName = "[No Variations]"
Add component (AddParameter): Name = "Manufacturer Part Number"; Value = "ESP32-S3-MINI-1U-N8"; VariantName = "[No Variations]"
Added Pin To Net: NetName=+3V3_FTDI Pin=C8-1
Added Pin To Net: NetName=+3V3_FTDI Pin=C10-2
Added Net: Name=+3V3_FTDI
Added Pin To Net: NetName=+3v3_REG Pin=L1-2
Added Net: Name=+3v3_REG
Added Pin To Net: NetName=+3v3 Pin=C4-2
Added Pin To Net: NetName=+3v3 Pin=C12-2
Added Pin To Net: NetName=+3v3 Pin=C13-2
Added Pin To Net: NetName=+3v3 Pin=J1-1
Added Pin To Net: NetName=+3v3 Pin=R24-2
Added Pin To Net: NetName=+3v3 Pin=U1-3
Added Net: Name=+3v3
Added Pin To Net: NetName=+5V_VBUS1 Pin=C3-2
Added Pin To Net: NetName=+5V_VBUS1 Pin=D2-2
Added Pin To Net: NetName=+5V_VBUS1 Pin=J5-1
Added Net: Name=+5V_VBUS1
Added Pin To Net: NetName=+5V_VBUS2 Pin=C14-2
Added Pin To Net: NetName=+5V_VBUS2 Pin=D5-2
Added Pin To Net: NetName=+5V_VBUS2 Pin=J5-3
Added Net: Name=+5V_VBUS2
Added Pin To Net: NetName=+5V Pin=C6-2
Added Pin To Net: NetName=+5V Pin=C11-2
Added Pin To Net: NetName=+5V Pin=J1-21
Added Pin To Net: NetName=+5V Pin=J5-2
Added Net: Name=+5V
Added Pin To Net: NetName=+VCC_FTDI Pin=C1-2
Added Pin To Net: NetName=+VCC_FTDI Pin=C2-2
Added Net: Name=+VCC_FTDI
Added Pin To Net: NetName=BTN_GPIO0 Pin=C15-2
Added Net: Name=BTN_GPIO0
Added Pin To Net: NetName=CHIP_PU Pin=C16-2
Added Pin To Net: NetName=CHIP_PU Pin=J2-2
Added Pin To Net: NetName=CHIP_PU Pin=R24-1
Added Pin To Net: NetName=CHIP_PU Pin=U1-45
Added Net: Name=CHIP_PU
Added Pin To Net: NetName=CON_GPIO0 Pin=J1-2
Added Net: Name=CON_GPIO0
Added Pin To Net: NetName=CONC1_USB_N Pin=D3-2
Added Pin To Net: NetName=CONC1_USB_N Pin=J3-A7
Added Pin To Net: NetName=CONC1_USB_N Pin=J3-B7
Added Net: Name=CONC1_USB_N
Added Pin To Net: NetName=CONC1_USB_P Pin=D4-2
Added Pin To Net: NetName=CONC1_USB_P Pin=J3-A6
Added Pin To Net: NetName=CONC1_USB_P Pin=J3-B6
Added Net: Name=CONC1_USB_P
Added Pin To Net: NetName=CONC2_USB_N Pin=D6-2
Added Pin To Net: NetName=CONC2_USB_N Pin=J4-A7
Added Pin To Net: NetName=CONC2_USB_N Pin=J4-B7
Added Net: Name=CONC2_USB_N
Added Pin To Net: NetName=CONC2_USB_P Pin=D7-2
Added Pin To Net: NetName=CONC2_USB_P Pin=J4-A6
Added Pin To Net: NetName=CONC2_USB_P Pin=J4-B6
Added Net: Name=CONC2_USB_P
Added Pin To Net: NetName=CONC_ESP_USB_N Pin=J2-19
Added Net: Name=CONC_ESP_USB_N
Added Pin To Net: NetName=CONC_ESP_USB_P Pin=J2-20
Added Net: Name=CONC_ESP_USB_P
Added Pin To Net: NetName=DTR_FTDI Pin=R15-2
Added Net: Name=DTR_FTDI
Added Pin To Net: NetName=ESP_USB_N Pin=U1-23
Added Net: Name=ESP_USB_N
Added Pin To Net: NetName=ESP_USB_P Pin=U1-24
Added Net: Name=ESP_USB_P
Added Net: Name=FTDI_USB_N
Added Net: Name=FTDI_USB_P
Added Pin To Net: NetName=GND Pin=C1-1
Added Pin To Net: NetName=GND Pin=C2-1
Added Pin To Net: NetName=GND Pin=C3-1
Added Pin To Net: NetName=GND Pin=C4-1
Added Pin To Net: NetName=GND Pin=C6-1
Added Pin To Net: NetName=GND Pin=C8-2
Added Pin To Net: NetName=GND Pin=C9-1
Added Pin To Net: NetName=GND Pin=C10-1
Added Pin To Net: NetName=GND Pin=C11-1
Added Pin To Net: NetName=GND Pin=C12-1
Added Pin To Net: NetName=GND Pin=C13-1
Added Pin To Net: NetName=GND Pin=C14-1
Added Pin To Net: NetName=GND Pin=C15-1
Added Pin To Net: NetName=GND Pin=C16-1
Added Pin To Net: NetName=GND Pin=D2-1
Added Pin To Net: NetName=GND Pin=D3-1
Added Pin To Net: NetName=GND Pin=D4-1
Added Pin To Net: NetName=GND Pin=D5-1
Added Pin To Net: NetName=GND Pin=D6-1
Added Pin To Net: NetName=GND Pin=D7-1
Added Pin To Net: NetName=GND Pin=D9-1
Added Pin To Net: NetName=GND Pin=J1-22
Added Pin To Net: NetName=GND Pin=J2-1
Added Pin To Net: NetName=GND Pin=J3-S1
Added Pin To Net: NetName=GND Pin=J3-S3
Added Pin To Net: NetName=GND Pin=J3-S4
Added Pin To Net: NetName=GND Pin=J4-S1
Added Pin To Net: NetName=GND Pin=J4-S3
Added Pin To Net: NetName=GND Pin=J4-S4
Added Pin To Net: NetName=GND Pin=U1-1
Added Pin To Net: NetName=GND Pin=U1-2
Added Pin To Net: NetName=GND Pin=U1-42
Added Pin To Net: NetName=GND Pin=U1-43
Added Pin To Net: NetName=GND Pin=U1-46
Added Pin To Net: NetName=GND Pin=U1-47
Added Pin To Net: NetName=GND Pin=U1-48
Added Pin To Net: NetName=GND Pin=U1-49
Added Pin To Net: NetName=GND Pin=U1-50
Added Pin To Net: NetName=GND Pin=U1-51
Added Pin To Net: NetName=GND Pin=U1-52
Added Pin To Net: NetName=GND Pin=U1-53
Added Pin To Net: NetName=GND Pin=U1-54
Added Pin To Net: NetName=GND Pin=U1-55
Added Pin To Net: NetName=GND Pin=U1-56
Added Pin To Net: NetName=GND Pin=U1-57
Added Pin To Net: NetName=GND Pin=U1-58
Added Pin To Net: NetName=GND Pin=U1-59
Added Pin To Net: NetName=GND Pin=U1-60
Added Pin To Net: NetName=GND Pin=U1-61
Added Pin To Net: NetName=GND Pin=U1-61
Added Pin To Net: NetName=GND Pin=U1-61
Added Pin To Net: NetName=GND Pin=U1-61
Added Pin To Net: NetName=GND Pin=U1-61
Added Pin To Net: NetName=GND Pin=U1-61
Added Pin To Net: NetName=GND Pin=U1-61
Added Pin To Net: NetName=GND Pin=U1-61
Added Pin To Net: NetName=GND Pin=U1-61
Added Pin To Net: NetName=GND Pin=U1-62
Added Pin To Net: NetName=GND Pin=U1-63
Added Pin To Net: NetName=GND Pin=U1-64
Added Pin To Net: NetName=GND Pin=U1-65
Added Net: Name=GND
Added Pin To Net: NetName=GPIO1 Pin=J1-3
Added Pin To Net: NetName=GPIO1 Pin=U1-5
Added Net: Name=GPIO1
Added Pin To Net: NetName=GPIO2 Pin=D8-1
Added Pin To Net: NetName=GPIO2 Pin=J1-4
Added Pin To Net: NetName=GPIO2 Pin=U1-6
Added Net: Name=GPIO2
Added Pin To Net: NetName=GPIO3 Pin=J1-5
Added Pin To Net: NetName=GPIO3 Pin=U1-7
Added Net: Name=GPIO3
Added Pin To Net: NetName=GPIO4 Pin=J1-6
Added Pin To Net: NetName=GPIO4 Pin=U1-8
Added Net: Name=GPIO4
Added Pin To Net: NetName=GPIO5 Pin=J1-7
Added Pin To Net: NetName=GPIO5 Pin=U1-9
Added Net: Name=GPIO5
Added Pin To Net: NetName=GPIO6 Pin=J1-8
Added Pin To Net: NetName=GPIO6 Pin=U1-10
Added Net: Name=GPIO6
Added Pin To Net: NetName=GPIO7 Pin=J1-9
Added Pin To Net: NetName=GPIO7 Pin=U1-11
Added Net: Name=GPIO7
Added Pin To Net: NetName=GPIO8 Pin=J1-10
Added Pin To Net: NetName=GPIO8 Pin=U1-12
Added Net: Name=GPIO8
Added Pin To Net: NetName=GPIO9 Pin=J1-11
Added Pin To Net: NetName=GPIO9 Pin=U1-13
Added Net: Name=GPIO9
Added Pin To Net: NetName=GPIO10 Pin=J1-12
Added Pin To Net: NetName=GPIO10 Pin=U1-14
Added Net: Name=GPIO10
Added Pin To Net: NetName=GPIO11 Pin=J1-13
Added Pin To Net: NetName=GPIO11 Pin=U1-15
Added Net: Name=GPIO11
Added Pin To Net: NetName=GPIO12 Pin=J1-14
Added Pin To Net: NetName=GPIO12 Pin=U1-16
Added Net: Name=GPIO12
Added Pin To Net: NetName=GPIO13 Pin=J1-15
Added Pin To Net: NetName=GPIO13 Pin=U1-17
Added Net: Name=GPIO13
Added Pin To Net: NetName=GPIO14 Pin=J1-16
Added Pin To Net: NetName=GPIO14 Pin=U1-18
Added Net: Name=GPIO14
Added Pin To Net: NetName=GPIO15 Pin=J1-17
Added Pin To Net: NetName=GPIO15 Pin=U1-19
Added Net: Name=GPIO15
Added Pin To Net: NetName=GPIO16 Pin=J1-18
Added Pin To Net: NetName=GPIO16 Pin=U1-20
Added Net: Name=GPIO16
Added Pin To Net: NetName=GPIO17 Pin=J1-19
Added Pin To Net: NetName=GPIO17 Pin=U1-21
Added Net: Name=GPIO17
Added Pin To Net: NetName=GPIO18 Pin=J1-20
Added Pin To Net: NetName=GPIO18 Pin=U1-22
Added Net: Name=GPIO18
Added Pin To Net: NetName=GPIO21 Pin=J2-18
Added Pin To Net: NetName=GPIO21 Pin=U1-25
Added Net: Name=GPIO21
Added Pin To Net: NetName=GPIO26 Pin=J2-17
Added Pin To Net: NetName=GPIO26 Pin=U1-26
Added Net: Name=GPIO26
Added Pin To Net: NetName=GPIO33 Pin=J2-16
Added Pin To Net: NetName=GPIO33 Pin=U1-28
Added Net: Name=GPIO33
Added Pin To Net: NetName=GPIO34 Pin=J2-15
Added Pin To Net: NetName=GPIO34 Pin=U1-29
Added Net: Name=GPIO34
Added Pin To Net: NetName=GPIO35 Pin=J2-14
Added Pin To Net: NetName=GPIO35 Pin=U1-31
Added Net: Name=GPIO35
Added Pin To Net: NetName=GPIO36 Pin=J2-13
Added Pin To Net: NetName=GPIO36 Pin=U1-32
Added Net: Name=GPIO36
Added Pin To Net: NetName=GPIO37 Pin=J2-12
Added Pin To Net: NetName=GPIO37 Pin=U1-33
Added Net: Name=GPIO37
Added Pin To Net: NetName=GPIO38 Pin=J2-11
Added Pin To Net: NetName=GPIO38 Pin=U1-34
Added Net: Name=GPIO38
Added Pin To Net: NetName=GPIO39 Pin=J2-10
Added Pin To Net: NetName=GPIO39 Pin=U1-35
Added Net: Name=GPIO39
Added Pin To Net: NetName=GPIO40 Pin=J2-9
Added Pin To Net: NetName=GPIO40 Pin=U1-36
Added Net: Name=GPIO40
Added Pin To Net: NetName=GPIO41 Pin=J2-8
Added Pin To Net: NetName=GPIO41 Pin=U1-37
Added Net: Name=GPIO41
Added Pin To Net: NetName=GPIO42 Pin=J2-7
Added Pin To Net: NetName=GPIO42 Pin=U1-38
Added Net: Name=GPIO42
Added Pin To Net: NetName=GPIO45 Pin=J2-3
Added Pin To Net: NetName=GPIO45 Pin=U1-41
Added Net: Name=GPIO45
Added Pin To Net: NetName=GPIO46 Pin=J2-4
Added Pin To Net: NetName=GPIO46 Pin=U1-44
Added Net: Name=GPIO46
Added Pin To Net: NetName=GPIO47 Pin=J2-22
Added Pin To Net: NetName=GPIO47 Pin=U1-27
Added Net: Name=GPIO47
Added Pin To Net: NetName=GPIO48 Pin=J2-21
Added Pin To Net: NetName=GPIO48 Pin=U1-30
Added Net: Name=GPIO48
Added Pin To Net: NetName=NetC9_2 Pin=C9-2
Added Net: Name=NetC9_2
Added Pin To Net: NetName=NetD1_2 Pin=L1-1
Added Net: Name=NetD1_2
Added Pin To Net: NetName=NetD8_2 Pin=D8-2
Added Net: Name=NetD8_2
Added Pin To Net: NetName=NetD9_2 Pin=D9-2
Added Net: Name=NetD9_2
Added Pin To Net: NetName=NetJ3_A5 Pin=J3-A5
Added Net: Name=NetJ3_A5
Added Pin To Net: NetName=NetJ3_B5 Pin=J3-B5
Added Net: Name=NetJ3_B5
Added Pin To Net: NetName=NetJ4_A5 Pin=J4-A5
Added Net: Name=NetJ4_A5
Added Pin To Net: NetName=NetJ4_B5 Pin=J4-B5
Added Net: Name=NetJ4_B5
Added Pin To Net: NetName=NetQ1_1 Pin=R15-1
Added Net: Name=NetQ1_1
Added Pin To Net: NetName=NetQ2_1 Pin=R17-1
Added Net: Name=NetQ2_1
Added Net: Name=NetR9_2
Added Pin To Net: NetName=NetR14_2 Pin=U1-4
Added Net: Name=NetR14_2
Added Pin To Net: NetName=RTS_FTDI Pin=R17-2
Added Net: Name=RTS_FTDI
Added Net: Name=RXD_FTDI
Added Net: Name=TXD_FTDI
Added Pin To Net: NetName=U0RXD Pin=J2-5
Added Pin To Net: NetName=U0RXD Pin=U1-40
Added Net: Name=U0RXD
Added Pin To Net: NetName=U0TXD Pin=J2-6
Added Pin To Net: NetName=U0TXD Pin=U1-39
Added Net: Name=U0TXD
Added Class: Name=ESP32 with USBC
Added Differential Pair: Name=CONC1_USB
Added Differential Pair: Name=CONC2_USB
Added Differential Pair: Name=CONC_ESP_USB
Added Differential Pair: Name=ESP_USB
Added Differential Pair: Name=FTDI_USB
Added Rule: Name=Schematic Supply Nets
Added Rule: Name=Schematic Supply Nets_1
Added Rule: Name=Schematic Supply Nets_2
Added Rule: Name=Schematic Supply Nets_3
Added Rule: Name=Schematic Supply Nets_4
Added Rule: Name=Schematic Supply Nets_5
