Added Component: Designator=J2(HDR_1X24_2.54MM)
Add component (AddParameter): Name = "Manufacturer"; Value = "XKB Connection"; VariantName = "[No Variations]"
Add component (AddParameter): Name = "Manufacturer Part Number"; Value = "X5511WV-24-C35D35-1000"; VariantName = "[No Variations]"
Add component (AddParameter): Name = "Supplier"; Value = "LCSC"; VariantName = "[No Variations]"
Add component (AddParameter): Name = "Supplier Part Number"; Value = "C2883449"; VariantName = "[No Variations]"
Added Pin To Net: NetName=+3V3 Pin=J2-1
Added Pin To Net: NetName=GND Pin=J2-2
Added Pin To Net: NetName=CHIP_PU Pin=J2-3
Added Pin To Net: NetName=GPIO46 Pin=J2-4
Added Pin To Net: NetName=GPIO45 Pin=J2-5
Added Pin To Net: NetName=U0RXD Pin=J2-6
Added Pin To Net: NetName=U0TXD Pin=J2-7
Added Pin To Net: NetName=GPIO42 Pin=J2-8
Added Pin To Net: NetName=GPIO41 Pin=J2-9
Added Pin To Net: NetName=GPIO40 Pin=J2-10
Added Pin To Net: NetName=GPIO39 Pin=J2-11
Added Pin To Net: NetName=GPIO38 Pin=J2-12
Added Pin To Net: NetName=GPIO37 Pin=J2-13
Added Pin To Net: NetName=GPIO36 Pin=J2-14
Added Pin To Net: NetName=GPIO35 Pin=J2-15
Added Pin To Net: NetName=GPIO34 Pin=J2-16
Added Pin To Net: NetName=GPIO33 Pin=J2-17
Added Pin To Net: NetName=GPIO26 Pin=J2-18
Added Pin To Net: NetName=GPIO21 Pin=J2-19
Added Pin To Net: NetName=CON_ESP_USB_P Pin=J2-20
Added Pin To Net: NetName=CON_ESP_USB_N Pin=J2-21
Added Pin To Net: NetName=GPIO48 Pin=J2-22
Added Pin To Net: NetName=GPIO47 Pin=J2-23
Added Pin To Net: NetName=GND Pin=J2-24
Add Pin To Net: Unknown Pin: Pin U2-9
Add Pin To Net: Unknown Pin: Pin U2-10
Add Pin To Net: Unknown Pin: Pin U2-11
Add Pin To Net: Unknown Pin: Pin U2-12
Add Pin To Net: Unknown Pin: Pin U2-13
Add Pin To Net: Unknown Pin: Pin U2-15
Add Pin To Net: Unknown Pin: Pin U2-16
Add Pin To Net: Unknown Pin: Pin U2-17
Add Pin To Net: Unknown Pin: Pin U2-18
Add Pin To Net: Unknown Pin: Pin U2-19
Add Pin To Net: Unknown Pin: Pin U2-20
Add Pin To Net: Unknown Pin: Pin U2-21
